This is pdfTeX, Version 3.14159265-2.6-1.40.18 (TeX Live 2017) (preloaded format=pdflatex 2017.10.11)  17 JAN 2019 22:48
entering extended mode
 restricted \write18 enabled.
 file:line:error style messages enabled.
 %&-line parsing enabled.
**report.tex
(./report.tex
LaTeX2e <2017-04-15>
Babel <3.10> and hyphenation patterns for 84 language(s) loaded.
(/usr/local/texlive/2017/texmf-dist/tex/latex/base/article.cls
Document Class: article 2014/09/29 v1.4h Standard LaTeX document class
(/usr/local/texlive/2017/texmf-dist/tex/latex/base/size11.clo
File: size11.clo 2014/09/29 v1.4h Standard LaTeX file (size option)
)
\c@part=\count79
\c@section=\count80
\c@subsection=\count81
\c@subsubsection=\count82
\c@paragraph=\count83
\c@subparagraph=\count84
\c@figure=\count85
\c@table=\count86
\abovecaptionskip=\skip41
\belowcaptionskip=\skip42
\bibindent=\dimen102
) (/usr/local/texlive/2017/texmf-dist/tex/latex/graphics/graphicx.sty
Package: graphicx 2014/10/28 v1.0g Enhanced LaTeX Graphics (DPC,SPQR)
 (/usr/local/texlive/2017/texmf-dist/tex/latex/graphics/keyval.sty
Package: keyval 2014/10/28 v1.15 key=value parser (DPC)
\KV@toks@=\toks14
) (/usr/local/texlive/2017/texmf-dist/tex/latex/graphics/graphics.sty
Package: graphics 2017/04/14 v1.1b Standard LaTeX Graphics (DPC,SPQR)
 (/usr/local/texlive/2017/texmf-dist/tex/latex/graphics/trig.sty
Package: trig 2016/01/03 v1.10 sin cos tan (DPC)
) (/usr/local/texlive/2017/texmf-dist/tex/latex/graphics-cfg/graphics.cfg
File: graphics.cfg 2016/06/04 v1.11 sample graphics configuration
)
Package graphics Info: Driver file: pdftex.def on input line 99.
 (/usr/local/texlive/2017/texmf-dist/tex/latex/graphics-def/pdftex.def
File: pdftex.def 2017/01/12 v0.06k Graphics/color for pdfTeX
 (/usr/local/texlive/2017/texmf-dist/tex/generic/oberdiek/infwarerr.sty
Package: infwarerr 2016/05/16 v1.4 Providing info/warning/error messages (HO)
) (/usr/local/texlive/2017/texmf-dist/tex/generic/oberdiek/ltxcmds.sty
Package: ltxcmds 2016/05/16 v1.23 LaTeX kernel commands for general use (HO)
)
\Gread@gobject=\count87
))
\Gin@req@height=\dimen103
\Gin@req@width=\dimen104
) (/usr/local/texlive/2017/texmf-dist/tex/latex/float/float.sty
Package: float 2001/11/08 v1.3d Float enhancements (AL)
\c@float@type=\count88
\float@exts=\toks15
\float@box=\box26
\@float@everytoks=\toks16
\@floatcapt=\box27
) (/Users/vaevictis/Documents/Project/Second-Assignment-AI-2018-USI/.texpadtmp/report.aux)
\openout1 = `report.aux'.

LaTeX Font Info:    Checking defaults for OML/cmm/m/it on input line 7.
LaTeX Font Info:    ... okay on input line 7.
LaTeX Font Info:    Checking defaults for T1/cmr/m/n on input line 7.
LaTeX Font Info:    ... okay on input line 7.
LaTeX Font Info:    Checking defaults for OT1/cmr/m/n on input line 7.
LaTeX Font Info:    ... okay on input line 7.
LaTeX Font Info:    Checking defaults for OMS/cmsy/m/n on input line 7.
LaTeX Font Info:    ... okay on input line 7.
LaTeX Font Info:    Checking defaults for OMX/cmex/m/n on input line 7.
LaTeX Font Info:    ... okay on input line 7.
LaTeX Font Info:    Checking defaults for U/cmr/m/n on input line 7.
LaTeX Font Info:    ... okay on input line 7.
 (/usr/local/texlive/2017/texmf-dist/tex/context/base/mkii/supp-pdf.mkii
[Loading MPS to PDF converter (version 2006.09.02).]
\scratchcounter=\count89
\scratchdimen=\dimen105
\scratchbox=\box28
\nofMPsegments=\count90
\nofMParguments=\count91
\everyMPshowfont=\toks17
\MPscratchCnt=\count92
\MPscratchDim=\dimen106
\MPnumerator=\count93
\makeMPintoPDFobject=\count94
\everyMPtoPDFconversion=\toks18
) (/usr/local/texlive/2017/texmf-dist/tex/generic/oberdiek/pdftexcmds.sty
Package: pdftexcmds 2017/03/19 v0.25 Utility functions of pdfTeX for LuaTeX (HO)
 (/usr/local/texlive/2017/texmf-dist/tex/generic/oberdiek/ifluatex.sty
Package: ifluatex 2016/05/16 v1.4 Provides the ifluatex switch (HO)
Package ifluatex Info: LuaTeX not detected.
) (/usr/local/texlive/2017/texmf-dist/tex/generic/oberdiek/ifpdf.sty
Package: ifpdf 2017/03/15 v3.2 Provides the ifpdf switch
)
Package pdftexcmds Info: LuaTeX not detected.
Package pdftexcmds Info: \pdf@primitive is available.
Package pdftexcmds Info: \pdf@ifprimitive is available.
Package pdftexcmds Info: \pdfdraftmode found.
) (/usr/local/texlive/2017/texmf-dist/tex/latex/oberdiek/epstopdf-base.sty
Package: epstopdf-base 2016/05/15 v2.6 Base part for package epstopdf
 (/usr/local/texlive/2017/texmf-dist/tex/latex/oberdiek/grfext.sty
Package: grfext 2016/05/16 v1.2 Manage graphics extensions (HO)
 (/usr/local/texlive/2017/texmf-dist/tex/generic/oberdiek/kvdefinekeys.sty
Package: kvdefinekeys 2016/05/16 v1.4 Define keys (HO)
)) (/usr/local/texlive/2017/texmf-dist/tex/latex/oberdiek/kvoptions.sty
Package: kvoptions 2016/05/16 v3.12 Key value format for package options (HO)
 (/usr/local/texlive/2017/texmf-dist/tex/generic/oberdiek/kvsetkeys.sty
Package: kvsetkeys 2016/05/16 v1.17 Key value parser (HO)
 (/usr/local/texlive/2017/texmf-dist/tex/generic/oberdiek/etexcmds.sty
Package: etexcmds 2016/05/16 v1.6 Avoid name clashes with e-TeX commands (HO)
Package etexcmds Info: Could not find \expanded.
(etexcmds)             That can mean that you are not using pdfTeX 1.50 or
(etexcmds)             that some package has redefined \expanded.
(etexcmds)             In the latter case, load this package earlier.
)))
Package epstopdf-base Info: Redefining graphics rule for `.eps' on input line 438.
Package grfext Info: Graphics extension search list:
(grfext)             [.png,.pdf,.jpg,.mps,.jpeg,.jbig2,.jb2,.PNG,.PDF,.JPG,.JPEG,.JBIG2,.JB2,.eps]
(grfext)             \AppendGraphicsExtensions on input line 456.
 (/usr/local/texlive/2017/texmf-dist/tex/latex/latexconfig/epstopdf-sys.cfg
File: epstopdf-sys.cfg 2010/07/13 v1.3 Configuration of (r)epstopdf for TeX Live
))
LaTeX Font Info:    External font `cmex10' loaded for size
(Font)              <12> on input line 8.
LaTeX Font Info:    External font `cmex10' loaded for size
(Font)              <8> on input line 8.
LaTeX Font Info:    External font `cmex10' loaded for size
(Font)              <6> on input line 8.
 <./images/net.png, id=1, 823.075pt x 587.19376pt>
File: ./images/net.png Graphic file (type png)
 <use ./images/net.png>
Package pdftex.def Info: ./images/net.png used on input line 12.
(pdftex.def)             Requested size: 360.0pt x 256.82495pt.

Overfull \hbox (17.0pt too wide) in paragraph at lines 12--13
[][] 
 []

LaTeX Font Info:    Try loading font information for OMS+cmr on input line 20.
(/usr/local/texlive/2017/texmf-dist/tex/latex/base/omscmr.fd
File: omscmr.fd 2014/09/29 v2.5h Standard LaTeX font definitions
)
LaTeX Font Info:    Font shape `OMS/cmr/m/n' in size <10.95> not available
(Font)              Font shape `OMS/cmsy/m/n' tried instead on input line 20.
 [1

{/usr/local/texlive/2017/texmf-var/fonts/map/pdftex/updmap/pdftex.map} <./images/net.png>] [2]
LaTeX Font Info:    External font `cmex10' loaded for size
(Font)              <10.95> on input line 75.

./report.tex:83: Missing } inserted.
<inserted text> 
                }
l.83 ...F\}, \{GL,DT,GN,BF\}, \{GL,DT,HR,GN, BF\}$
                                                  
I've inserted something that you may have forgotten.
(See the <inserted text> above.)
With luck, this will get me unwedged. But if you
really didn't forget anything, try typing `2' now; then
my insertion and my current dilemma will both disappear.


Overfull \hbox (215.95753pt too wide) in paragraph at lines 82--84
[]\OT1/cmr/m/n/10.95 (\OT1/cmr/bx/n/10.95 goal\OT1/cmr/m/n/10.95 , \OT1/cmr/bx/n/10.95 body[]fat\OT1/cmr/m/n/10.95 ) These are the paths: $\OMS/cmsy/m/n/10.95 f\OML/cmm/m/it/10.95 GL; WT; BF\OMS/cmsy/m/n/10.95 g\OML/cmm/m/it/10.95 ; []$ 
 []


Overfull \hbox (465.82367pt too wide) in paragraph at lines 85--87
[]\OT1/cmr/m/n/10.95 (\OT1/cmr/bx/n/10.95 goal\OT1/cmr/m/n/10.95 , \OT1/cmr/bx/n/10.95 gains\OT1/cmr/m/n/10.95 ) These are the paths: $\OMS/cmsy/m/n/10.95 f\OML/cmm/m/it/10.95 GL; DT; GN\OMS/cmsy/m/n/10.95 g\OML/cmm/m/it/10.95 ; \OMS/cmsy/m/n/10.95 f\OML/cmm/m/it/10.95 GL; WT; BF; GN\OMS/cmsy/m/n/10.95 g\OML/cmm/m/it/10.95 ; \OMS/cmsy/m/n/10.95 f\OML/cmm/m/it/10.95 GL; DT; BF; GN\OMS/cmsy/m/n/10.95 gf\OML/cmm/m/it/10.95 GL; DT; HR; GN\OMS/cmsy/m/n/10.95 g\OML/cmm/m/it/10.95 ; \OMS/cmsy/m/n/10.95 f\OML/cmm/m/it/10.95 GL; WT; BF; DT; GN\OMS/cmsy/m/n/10.95 g\OML/cmm/m/it/10.95 ; \OMS/cmsy/m/n/10.95 f\OML/cmm/m/it/10.95 GL; WT; BF; DT; HR; GN\OMS/cmsy/m/n/10.95 g$ 
 []


Overfull \hbox (540.0485pt too wide) in paragraph at lines 90--92
[]\OT1/cmr/m/n/10.95 (\OT1/cmr/bx/n/10.95 goal\OT1/cmr/m/n/10.95 , \OT1/cmr/bx/n/10.95 hor-mones\OT1/cmr/m/n/10.95 ) These are the paths : $\OMS/cmsy/m/n/10.95 f\OML/cmm/m/it/10.95 GL; WT; BF; GN; HR\OMS/cmsy/m/n/10.95 g\OML/cmm/m/it/10.95 ; \OMS/cmsy/m/n/10.95 f\OML/cmm/m/it/10.95 GL; WT; BF; DT; HR\OMS/cmsy/m/n/10.95 g\OML/cmm/m/it/10.95 ; \OMS/cmsy/m/n/10.95 f\OML/cmm/m/it/10.95 GL; WT; BF; DT; GN; HR\OMS/cmsy/m/n/10.95 g\OML/cmm/m/it/10.95 ; \OMS/cmsy/m/n/10.95 f\OML/cmm/m/it/10.95 GL; DT; BT; GN; HR\OMS/cmsy/m/n/10.95 g\OML/cmm/m/it/10.95 ; \OMS/cmsy/m/n/10.95 f\OML/cmm/m/it/10.95 GL; DT; GN; HR\OMS/cmsy/m/n/10.95 gf\OML/cmm/m/it/10.95 GL; DT; HR\OMS/cmsy/m/n/10.95 g$\OT1/cmr/m/n/10.95 . 
 []


Overfull \hbox (400.80812pt too wide) in paragraph at lines 95--97
[]\OT1/cmr/m/n/10.95 (\OT1/cmr/bx/n/10.95 diet\OT1/cmr/m/n/10.95 , \OT1/cmr/bx/n/10.95 sleep\OT1/cmr/m/n/10.95 ) These are the paths: $\OMS/cmsy/m/n/10.95 f\OML/cmm/m/it/10.95 DT; GN; SL\OMS/cmsy/m/n/10.95 g\OML/cmm/m/it/10.95 ; \OMS/cmsy/m/n/10.95 f\OML/cmm/m/it/10.95 DT; BF; GN; SL\OMS/cmsy/m/n/10.95 g\OML/cmm/m/it/10.95 ; \OMS/cmsy/m/n/10.95 f\OML/cmm/m/it/10.95 DT; HR; GN; SL\OMS/cmsy/m/n/10.95 g\OML/cmm/m/it/10.95 ; \OMS/cmsy/m/n/10.95 f\OML/cmm/m/it/10.95 DT; GL; WT; BF; GN; SL\OMS/cmsy/m/n/10.95 g\OML/cmm/m/it/10.95 ; \OMS/cmsy/m/n/10.95 f\OML/cmm/m/it/10.95 DT; GL; WT; BF; GN; HR; SL\OMS/cmsy/m/n/10.95 g$ 
 []

[3] <./images/nodes/definitions/1.png, id=23, 166.6225pt x 57.21375pt>
File: ./images/nodes/definitions/1.png Graphic file (type png)
 <use ./images/nodes/definitions/1.png>
Package pdftex.def Info: ./images/nodes/definitions/1.png used on input line 152.
(pdftex.def)             Requested size: 118.80066pt x 40.794pt.
 [4 <./images/nodes/definitions/1.png>] <./images/nodes/definitions/2.png, id=28, 239.89626pt x 51.19125pt>
File: ./images/nodes/definitions/2.png Graphic file (type png)
 <use ./images/nodes/definitions/2.png>
Package pdftex.def Info: ./images/nodes/definitions/2.png used on input line 157.
(pdftex.def)             Requested size: 237.60132pt x 50.70213pt.
 <./images/nodes/definitions/3.png, id=29, 232.87pt x 48.18pt>
File: ./images/nodes/definitions/3.png Graphic file (type png)
 <use ./images/nodes/definitions/3.png>
Package pdftex.def Info: ./images/nodes/definitions/3.png used on input line 165.
(pdftex.def)             Requested size: 237.60132pt x 49.16055pt.
 <./images/nodes/definitions/4.png, id=30, 159.59625pt x 49.18375pt>
File: ./images/nodes/definitions/4.png Graphic file (type png)
 <use ./images/nodes/definitions/4.png>
Package pdftex.def Info: ./images/nodes/definitions/4.png used on input line 172.
(pdftex.def)             Requested size: 118.80066pt x 36.61153pt.
 <./images/nodes/definitions/5.png, id=31, 159.59625pt x 50.1875pt>
File: ./images/nodes/definitions/5.png Graphic file (type png)
 <use ./images/nodes/definitions/5.png>
Package pdftex.def Info: ./images/nodes/definitions/5.png used on input line 179.
(pdftex.def)             Requested size: 118.80066pt x 37.3587pt.
 [5 <./images/nodes/definitions/2.png> <./images/nodes/definitions/3.png> <./images/nodes/definitions/4.png>] <./images/nodes/definitions/6.png, id=38, 161.60374pt x 48.18pt>
File: ./images/nodes/definitions/6.png Graphic file (type png)
 <use ./images/nodes/definitions/6.png>
Package pdftex.def Info: ./images/nodes/definitions/6.png used on input line 186.
(pdftex.def)             Requested size: 118.80066pt x 35.41884pt.
 <./images/nodes/definitions/7.png, id=39, 161.60374pt x 49.18375pt>
File: ./images/nodes/definitions/7.png Graphic file (type png)
 <use ./images/nodes/definitions/7.png>
Package pdftex.def Info: ./images/nodes/definitions/7.png used on input line 192.
(pdftex.def)             Requested size: 118.80066pt x 36.15672pt.
 <./images/nodes/definitions/8.png, id=40, 658.46pt x 80.3pt>
File: ./images/nodes/definitions/8.png Graphic file (type png)
 <use ./images/nodes/definitions/8.png>
Package pdftex.def Info: ./images/nodes/definitions/8.png used on input line 198.
(pdftex.def)             Requested size: 360.0pt x 43.90291pt.
 <./images/nodes/definitions/9.png, id=41, 1220.56pt x 92.345pt>
File: ./images/nodes/definitions/9.png Graphic file (type png)
 <use ./images/nodes/definitions/9.png>
Package pdftex.def Info: ./images/nodes/definitions/9.png used on input line 204.
(pdftex.def)             Requested size: 360.0pt x 27.2373pt.
 <./images/nodes/definitions/10.png, id=42, 1214.5375pt x 93.34875pt>
File: ./images/nodes/definitions/10.png Graphic file (type png)
 <use ./images/nodes/definitions/10.png>
Package pdftex.def Info: ./images/nodes/definitions/10.png used on input line 211.
(pdftex.def)             Requested size: 360.0pt x 27.66867pt.
 [6 <./images/nodes/definitions/5.png> <./images/nodes/definitions/6.png> <./images/nodes/definitions/7.png> <./images/nodes/definitions/8.png> <./images/nodes/definitions/9.png>] <./images/nodes/definitions/11.png, id=51, 242.9075pt x 57.21375pt>
File: ./images/nodes/definitions/11.png Graphic file (type png)
 <use ./images/nodes/definitions/11.png>
Package pdftex.def Info: ./images/nodes/definitions/11.png used on input line 215.
(pdftex.def)             Requested size: 360.0pt x 84.79285pt.
 [7 <./images/nodes/definitions/10.png> <./images/nodes/definitions/11.png>] (/Users/vaevictis/Documents/Project/Second-Assignment-AI-2018-USI/.texpadtmp/report.aux) ) 
Here is how much of TeX's memory you used:
 1637 strings out of 492995
 25054 string characters out of 6132703
 84594 words of memory out of 5000000
 5176 multiletter control sequences out of 15000+600000
 8979 words of font info for 32 fonts, out of 8000000 for 9000
 1141 hyphenation exceptions out of 8191
 39i,6n,25p,335b,276s stack positions out of 5000i,500n,10000p,200000b,80000s
</usr/local/texlive/2017/texmf-dist/fonts/type1/public/amsfonts/cm/cmbx10.pfb></usr/local/texlive/2017/texmf-dist/fonts/type1/public/amsfonts/cm/cmbx12.pfb></usr/local/texlive/2017/texmf-dist/fonts/type1/public/amsfonts/cm/cmmi10.pfb></usr/local/texlive/2017/texmf-dist/fonts/type1/public/amsfonts/cm/cmr10.pfb></usr/local/texlive/2017/texmf-dist/fonts/type1/public/amsfonts/cm/cmr12.pfb></usr/local/texlive/2017/texmf-dist/fonts/type1/public/amsfonts/cm/cmr17.pfb></usr/local/texlive/2017/texmf-dist/fonts/type1/public/amsfonts/cm/cmsy10.pfb></usr/local/texlive/2017/texmf-dist/fonts/type1/public/amsfonts/cm/cmtt10.pfb>
Output written on /Users/vaevictis/Documents/Project/Second-Assignment-AI-2018-USI/.texpadtmp/report.pdf (7 pages, 191659 bytes).
PDF statistics:
 85 PDF objects out of 1000 (max. 8388607)
 43 compressed objects within 1 object stream
 0 named destinations out of 1000 (max. 500000)
 61 words of extra memory for PDF output out of 10000 (max. 10000000)

